<?xml version="1.0" encoding="utf-8"?>
<?AutomationStudio Version=3.0?>
<Transfer xmlns="http://br-automation.co.at/AS/Transfer">
  <OperatingSystem Version="B4.92"/>
  <Hardware Target="SG4"/>
  <Operation Delete="Alarms.br"/>
  <Operation Delete="LevelScali.br"/>
  <Operation Delete="AutomaticC.br"/>
  <Operation Delete="Tanks.br"/>
  <Operation Delete="ClockSigna.br"/>
  <Operation Delete="mvLoader.br"/>
  <Operation Delete="MpServer.br"/>
  <Operation Delete="MpAlarmX.br"/>
  <Operation Delete="asieccon.br"/>
  <Operation Delete="arssl.br"/>
  <Operation Delete="dataobj.br"/>
  <Operation Delete="MpBase.br"/>
  <Operation Delete="fileio.br"/>
  <Operation Delete="aruser.br"/>
  <Operation Delete="astime.br"/>
  <Operation Delete="sys_lib.br"/>
  <Operation Download="ashwd.br" Memory="SystemROM"/>
  <Operation Download="asfw.br" Memory="SystemROM"/>
  <Operation Download="arconfig.br" Memory="SystemROM"/>
  <Operation Download="sysconf.br" Memory="SystemROM"/>
  <Operation Restart="warm"/>
  <Operation Download="arsvcreg.br" Memory="UserROM"/>
  <Operation Download="runtime.br" Memory="UserROM"/>
  <Operation Download="sys_lib.br" Memory="UserROM"/>
  <Operation Download="astime.br" Memory="UserROM"/>
  <Operation Download="aruser.br" Memory="UserROM"/>
  <Operation Download="fileio.br" Memory="UserROM"/>
  <Operation Download="MpBase.br" Memory="UserROM"/>
  <Operation Download="dataobj.br" Memory="UserROM"/>
  <Operation Download="arssl.br" Memory="UserROM"/>
  <Operation Download="asieccon.br" Memory="UserROM"/>
  <Operation Download="standard.br" Memory="UserROM"/>
  <Operation Download="MpAlarmX.br" Memory="UserROM"/>
  <Operation Download="MpServer.br" Memory="UserROM"/>
  <Operation Download="ashwac.br" Memory="UserROM"/>
  <Operation Download="Config.br" Memory="UserROM"/>
  <Operation Download="iomap.br" Memory="UserROM"/>
  <Operation Download="mvLoader.br" Memory="UserROM"/>
  <Operation Download="OpcUaSrv.br" Memory="UserROM"/>
  <Operation Download="Role.br" Memory="UserROM"/>
  <Operation Download="TC.br" Memory="UserROM"/>
  <Operation Download="TCData.br" Memory="SystemROM"/>
  <Operation Download="TCLang.br" Memory="UserROM"/>
  <Operation Download="udbdef.br" Memory="UserROM"/>
  <Operation Download="User.br" Memory="UserROM"/>
  <Operation Download="ClockSigna.br" Memory="UserROM"/>
  <Operation Download="Tanks.br" Memory="UserROM"/>
  <Operation Download="AutomaticC.br" Memory="UserROM"/>
  <Operation Download="LevelScali.br" Memory="UserROM"/>
  <Operation Download="Alarms.br" Memory="UserROM"/>
</Transfer>